2024-06-07T06:12:34.428Z info: Connected to DB and listening to port
2024-06-07T06:34:53.674Z info: Connected to DB and listening to port
2024-06-07T06:36:40.101Z info: Connected to DB and listening to port
2024-06-07T06:37:36.627Z info: Connected to DB and listening to port
2024-06-07T06:37:39.646Z info: Connected to DB and listening to port: 
2024-06-07T06:37:41.129Z info: Connected to DB and listening to port: 8000
2024-06-07T06:41:46.673Z info: Connected to DB and listening to port: 8000
2024-06-07T06:41:50.762Z info: Connected to DB and listening to port: 8000
2024-06-07T06:42:00.419Z info: Connected to DB and listening to port: 8000
2024-06-07T06:42:02.197Z info: Connected to DB and listening to port: 8000
2024-06-07T06:42:06.002Z info: Connected to DB and listening to port: 8000
2024-06-07T06:42:11.983Z info: Connected to DB and listening to port: 8000
2024-06-07T06:42:14.055Z info: Connected to DB and listening to port: 8000
2024-06-07T06:42:17.163Z info: Connected to DB and listening to port: 8000
2024-06-07T06:42:38.711Z info: Connected to DB and listening to port: 8000
2024-06-07T06:42:40.314Z info: Connected to DB and listening to port: 8000
2024-06-07T06:42:44.876Z info: Connected to DB and listening to port: 8000
2024-06-07T06:42:49.741Z info: Connected to DB and listening to port: 8000
2024-06-07T06:42:50.809Z info: Connected to DB and listening to port: 8000
2024-06-07T06:42:54.262Z info: Connected to DB and listening to port: 8000
2024-06-07T06:42:55.743Z info: Connected to DB and listening to port: 8000
2024-06-07T06:42:57.300Z info: Connected to DB and listening to port: 8000
2024-06-07T06:42:59.046Z info: Connected to DB and listening to port: 8000
2024-06-07T06:43:01.051Z info: Connected to DB and listening to port: 8000
2024-06-07T06:43:03.574Z info: Connected to DB and listening to port: 8000
2024-06-07T06:43:08.879Z info: Connected to DB and listening to port: 8000
2024-06-07T06:43:10.686Z info: Connected to DB and listening to port: 8000
2024-06-07T06:43:15.912Z info: Connected to DB and listening to port: 8000
2024-06-07T06:43:21.784Z info: Connected to DB and listening to port: 8000
2024-06-07T06:43:24.949Z info: Connected to DB and listening to port: 8000
2024-06-07T06:43:37.559Z info: Connected to DB and listening to port: 8000
2024-06-07T06:43:41.864Z info: Connected to DB and listening to port: 8000
2024-06-07T06:43:48.893Z info: Connected to DB and listening to port: 8000
2024-06-07T06:43:50.843Z info: Connected to DB and listening to port: 8000
2024-06-07T06:43:52.025Z info: Connected to DB and listening to port: 8000
2024-06-07T06:43:57.992Z info: Connected to DB and listening to port: 8000
2024-06-07T06:44:00.963Z info: Connected to DB and listening to port: 8000
2024-06-07T06:44:01.994Z info: Connected to DB and listening to port: 8000
2024-06-07T06:44:05.565Z info: Connected to DB and listening to port: 8000
2024-06-07T06:44:15.664Z info: Connected to DB and listening to port: 8000
2024-06-07T06:44:18.125Z info: Connected to DB and listening to port: 8000
2024-06-07T06:44:19.821Z info: Connected to DB and listening to port: 8000
2024-06-07T06:44:24.767Z info: Connected to DB and listening to port: 8000
2024-06-07T06:44:27.794Z info: Connected to DB and listening to port: 8000
2024-06-07T06:44:30.352Z info: Connected to DB and listening to port: 8000
2024-06-07T06:44:34.118Z info: Connected to DB and listening to port: 8000
2024-06-07T06:44:38.727Z info: Connected to DB and listening to port: 8000
2024-06-07T06:44:42.410Z info: Connected to DB and listening to port: 8000
2024-06-07T06:44:55.548Z info: Connected to DB and listening to port: 8000
2024-06-07T06:44:56.881Z info: Connected to DB and listening to port: 8000
2024-06-07T06:45:02.840Z info: Connected to DB and listening to port: 8000
2024-06-07T06:45:06.968Z info: Connected to DB and listening to port: 8000
2024-06-07T06:45:08.306Z info: Connected to DB and listening to port: 8000
2024-06-07T06:45:12.445Z info: Connected to DB and listening to port: 8000
2024-06-07T06:45:14.768Z info: Connected to DB and listening to port: 8000
2024-06-07T06:45:18.143Z info: Connected to DB and listening to port: 8000
2024-06-07T06:45:21.839Z info: Connected to DB and listening to port: 8000
2024-06-07T06:45:24.093Z info: Connected to DB and listening to port: 8000
2024-06-07T06:45:25.403Z info: Connected to DB and listening to port: 8000
2024-06-07T06:45:27.500Z info: Connected to DB and listening to port: 8000
2024-06-07T06:45:28.537Z info: Connected to DB and listening to port: 8000
2024-06-07T06:45:31.361Z info: Connected to DB and listening to port: 8000
2024-06-07T06:45:34.176Z info: Connected to DB and listening to port: 8000
2024-06-07T06:45:35.240Z info: Connected to DB and listening to port: 8000
2024-06-07T06:45:37.423Z info: Connected to DB and listening to port: 8000
2024-06-07T06:45:38.652Z info: Connected to DB and listening to port: 8000
2024-06-07T06:45:41.572Z info: Connected to DB and listening to port: 8000
2024-06-07T06:45:44.688Z info: Connected to DB and listening to port: 8000
2024-06-07T06:46:09.833Z info: Connected to DB and listening to port: 8000
2024-06-07T06:46:21.368Z info: Connected to DB and listening to port: 8000
2024-06-07T06:46:26.388Z info: Connected to DB and listening to port: 8000
2024-06-07T06:46:42.855Z info: Connected to DB and listening to port: 8000
2024-06-07T06:46:45.460Z info: Connected to DB and listening to port: 8000
2024-06-07T06:47:01.912Z info: Connected to DB and listening to port: 8000
2024-06-07T06:47:05.103Z info: Connected to DB and listening to port: 8000
2024-06-07T06:47:06.686Z info: Connected to DB and listening to port: 8000
2024-06-07T06:47:18.034Z info: Connected to DB and listening to port: 8000
2024-06-07T06:47:23.905Z info: Connected to DB and listening to port: 8000
2024-06-07T06:47:27.522Z info: Connected to DB and listening to port: 8000
2024-06-07T06:47:40.387Z info: Connected to DB and listening to port: 8000
2024-06-07T06:47:46.482Z info: Connected to DB and listening to port: 8000
2024-06-07T06:47:48.134Z info: Connected to DB and listening to port: 8000
2024-06-07T06:47:49.775Z info: Connected to DB and listening to port: 8000
2024-06-07T06:47:51.239Z info: Connected to DB and listening to port: 8000
2024-06-07T06:48:21.613Z info: Connected to DB and listening to port: 8000
2024-06-07T07:46:49.158Z info: Connected to DB and listening to port: 8000
2024-06-07T07:47:01.335Z info: Connected to DB and listening to port: 8000
2024-06-07T07:47:06.055Z info: Connected to DB and listening to port: 8000
2024-06-07T07:47:08.717Z info: Connected to DB and listening to port: 8000
2024-06-07T07:47:12.142Z info: Connected to DB and listening to port: 8000
2024-06-07T07:47:17.774Z info: Connected to DB and listening to port: 8000
2024-06-07T07:47:19.794Z info: Connected to DB and listening to port: 8000
2024-06-07T07:50:04.923Z info: Connected to DB and listening to port: 8000
2024-06-07T07:50:52.313Z info: Connected to DB and listening to port: 8000
2024-06-07T07:50:57.035Z info: Connected to DB and listening to port: 8000
2024-06-07T07:50:59.255Z info: Connected to DB and listening to port: 8000
2024-06-07T07:51:02.167Z info: Connected to DB and listening to port: 8000
2024-06-07T07:51:03.493Z info: Connected to DB and listening to port: 8000
2024-06-07T07:51:37.657Z info: Connected to DB and listening to port: 8000
2024-06-07T07:51:41.743Z info: Connected to DB and listening to port: 8000
2024-06-07T07:51:45.475Z info: Connected to DB and listening to port: 8000
2024-06-07T07:51:49.294Z info: Connected to DB and listening to port: 8000
2024-06-07T07:51:51.724Z info: Connected to DB and listening to port: 8000
2024-06-07T07:51:53.350Z info: Connected to DB and listening to port: 8000
2024-06-07T07:52:40.457Z info: Connected to DB and listening to port: 8000
2024-06-07T07:53:00.357Z info: Connected to DB and listening to port: 8000
2024-06-07T07:53:04.798Z info: Connected to DB and listening to port: 8000
2024-06-07T07:53:07.253Z info: Connected to DB and listening to port: 8000
2024-06-07T07:53:11.402Z info: Connected to DB and listening to port: 8000
2024-06-07T07:54:58.357Z info: Connected to DB and listening to port: 8000
2024-06-07T07:55:01.949Z info: Connected to DB and listening to port: 8000
2024-06-07T07:55:07.543Z info: Connected to DB and listening to port: 8000
2024-06-07T07:55:12.459Z info: Connected to DB and listening to port: 8000
2024-06-07T07:55:15.261Z info: Connected to DB and listening to port: 8000
2024-06-07T07:55:32.620Z info: Connected to DB and listening to port: 8000
2024-06-07T07:55:37.829Z info: Connected to DB and listening to port: 8000
2024-06-07T07:55:40.442Z info: Connected to DB and listening to port: 8000
2024-06-07T07:55:41.719Z info: Connected to DB and listening to port: 8000
2024-06-07T07:55:44.924Z info: Connected to DB and listening to port: 8000
2024-06-07T07:55:47.560Z info: Connected to DB and listening to port: 8000
2024-06-07T07:55:54.682Z info: Connected to DB and listening to port: 8000
2024-06-07T07:55:56.515Z info: Connected to DB and listening to port: 8000
2024-06-07T07:55:59.661Z info: Connected to DB and listening to port: 8000
2024-06-07T07:56:01.347Z info: Connected to DB and listening to port: 8000
2024-06-07T07:56:04.185Z info: Connected to DB and listening to port: 8000
2024-06-07T07:56:10.896Z info: Connected to DB and listening to port: 8000
2024-06-07T07:56:17.657Z info: Connected to DB and listening to port: 8000
2024-06-07T07:57:25.475Z info: Connected to DB and listening to port: 8000
2024-06-07T07:57:34.584Z info: Connected to DB and listening to port: 8000
2024-06-07T07:57:37.924Z info: Connected to DB and listening to port: 8000
2024-06-07T07:57:40.470Z info: Connected to DB and listening to port: 8000
2024-06-07T07:57:42.501Z info: Connected to DB and listening to port: 8000
2024-06-07T07:57:46.521Z info: Connected to DB and listening to port: 8000
2024-06-07T07:57:48.699Z info: Connected to DB and listening to port: 8000
2024-06-07T07:57:50.084Z info: Connected to DB and listening to port: 8000
2024-06-07T07:57:52.979Z info: Connected to DB and listening to port: 8000
2024-06-07T07:57:55.618Z info: Connected to DB and listening to port: 8000
2024-06-07T07:57:58.074Z info: Connected to DB and listening to port: 8000
2024-06-07T07:59:54.469Z info: Connected to DB and listening to port: 8000
2024-06-07T07:59:59.030Z info: Connected to DB and listening to port: 8000
2024-06-07T08:00:02.377Z info: Connected to DB and listening to port: 8000
2024-06-07T08:00:03.515Z info: Connected to DB and listening to port: 8000
2024-06-07T08:00:06.436Z info: Connected to DB and listening to port: 8000
2024-06-07T08:00:07.588Z info: Connected to DB and listening to port: 8000
2024-06-07T08:00:22.948Z info: Connected to DB and listening to port: 8000
2024-06-07T08:01:49.054Z info: Connected to DB and listening to port: 8000
2024-06-07T08:01:56.617Z info: Connected to DB and listening to port: 8000
2024-06-07T08:02:05.870Z info: Connected to DB and listening to port: 8000
2024-06-07T08:02:10.498Z info: Connected to DB and listening to port: 8000
2024-06-07T08:02:12.254Z info: Connected to DB and listening to port: 8000
2024-06-07T08:02:14.237Z info: Connected to DB and listening to port: 8000
2024-06-07T08:02:21.958Z info: Connected to DB and listening to port: 8000
2024-06-07T08:02:26.012Z info: Connected to DB and listening to port: 8000
2024-06-07T08:02:35.284Z info: Connected to DB and listening to port: 8000
2024-06-07T08:02:37.877Z info: Connected to DB and listening to port: 8000
2024-06-07T08:02:39.569Z info: Connected to DB and listening to port: 8000
2024-06-07T08:02:44.801Z info: Connected to DB and listening to port: 8000
2024-06-07T08:02:46.716Z info: Connected to DB and listening to port: 8000
2024-06-07T08:02:57.304Z info: Connected to DB and listening to port: 8000
2024-06-07T08:03:10.845Z info: Connected to DB and listening to port: 8000
2024-06-07T08:03:12.939Z info: Connected to DB and listening to port: 8000
2024-06-07T08:03:37.078Z info: Connected to DB and listening to port: 8000
2024-06-07T08:03:39.823Z info: Connected to DB and listening to port: 8000
2024-06-07T08:03:41.643Z info: Connected to DB and listening to port: 8000
2024-06-07T08:03:47.554Z info: Connected to DB and listening to port: 8000
2024-06-07T08:03:52.972Z info: Connected to DB and listening to port: 8000
2024-06-07T08:03:56.551Z info: Connected to DB and listening to port: 8000
2024-06-07T08:04:54.777Z info: Connected to DB and listening to port: 8000
2024-06-07T08:05:07.067Z info: Connected to DB and listening to port: 8000
2024-06-07T08:09:41.521Z info: Connected to DB and listening to port: 8000
2024-06-07T08:09:44.079Z info: Connected to DB and listening to port: 8000
2024-06-07T08:09:50.089Z info: Connected to DB and listening to port: 8000
2024-06-07T08:09:51.642Z info: Connected to DB and listening to port: 8000
2024-06-07T08:10:08.838Z info: Connected to DB and listening to port: 8000
2024-06-07T08:10:10.384Z info: Connected to DB and listening to port: 8000
2024-06-07T08:10:13.349Z info: Connected to DB and listening to port: 8000
2024-06-07T08:10:17.326Z info: Connected to DB and listening to port: 8000
2024-06-07T08:10:20.307Z info: Connected to DB and listening to port: 8000
2024-06-07T08:10:25.309Z info: Connected to DB and listening to port: 8000
2024-06-07T08:10:29.540Z info: Connected to DB and listening to port: 8000
2024-06-07T08:10:35.438Z info: Connected to DB and listening to port: 8000
2024-06-07T08:10:37.825Z info: Connected to DB and listening to port: 8000
2024-06-07T08:10:40.306Z info: Connected to DB and listening to port: 8000
2024-06-07T08:10:42.574Z info: Connected to DB and listening to port: 8000
2024-06-07T08:10:59.405Z info: Connected to DB and listening to port: 8000
2024-06-07T08:11:01.818Z info: Connected to DB and listening to port: 8000
2024-06-07T08:11:02.977Z info: Connected to DB and listening to port: 8000
2024-06-07T08:11:05.141Z info: Connected to DB and listening to port: 8000
2024-06-07T08:11:16.100Z info: Connected to DB and listening to port: 8000
2024-06-07T08:11:22.288Z info: Connected to DB and listening to port: 8000
2024-06-07T08:11:23.783Z info: Connected to DB and listening to port: 8000
2024-06-07T08:11:27.050Z info: Connected to DB and listening to port: 8000
2024-06-07T08:11:30.808Z info: Connected to DB and listening to port: 8000
2024-06-07T08:11:33.347Z info: Connected to DB and listening to port: 8000
2024-06-07T08:11:35.380Z info: Connected to DB and listening to port: 8000
2024-06-07T08:11:38.150Z info: Connected to DB and listening to port: 8000
2024-06-07T08:11:40.783Z info: Connected to DB and listening to port: 8000
2024-06-07T08:11:46.840Z info: Connected to DB and listening to port: 8000
2024-06-07T08:11:48.245Z info: Connected to DB and listening to port: 8000
2024-06-07T08:16:03.238Z info: Connected to DB and listening to port: 8000
2024-06-07T08:16:13.206Z info: Connected to DB and listening to port: 8000
2024-06-07T08:16:15.738Z info: Connected to DB and listening to port: 8000
2024-06-07T08:16:18.402Z info: Connected to DB and listening to port: 8000
2024-06-07T08:16:59.013Z info: Connected to DB and listening to port: 8000
2024-06-07T08:17:02.948Z info: Connected to DB and listening to port: 8000
2024-06-07T08:17:07.065Z info: Connected to DB and listening to port: 8000
2024-06-07T08:17:11.378Z info: Connected to DB and listening to port: 8000
2024-06-07T08:17:12.798Z info: Connected to DB and listening to port: 8000
2024-06-07T08:17:18.070Z info: Connected to DB and listening to port: 8000
2024-06-07T08:17:20.640Z info: Connected to DB and listening to port: 8000
2024-06-07T08:17:27.650Z info: Connected to DB and listening to port: 8000
2024-06-07T08:17:29.765Z info: Connected to DB and listening to port: 8000
2024-06-07T08:17:30.785Z info: Connected to DB and listening to port: 8000
2024-06-07T08:17:36.461Z info: Connected to DB and listening to port: 8000
2024-06-07T08:17:43.829Z info: Connected to DB and listening to port: 8000
2024-06-07T08:17:58.104Z info: Connected to DB and listening to port: 8000
2024-06-07T08:18:00.174Z info: Connected to DB and listening to port: 8000
2024-06-07T08:18:01.417Z info: Connected to DB and listening to port: 8000
2024-06-07T08:18:03.997Z info: Connected to DB and listening to port: 8000
2024-06-07T08:18:07.315Z info: Connected to DB and listening to port: 8000
2024-06-07T08:18:08.924Z info: Connected to DB and listening to port: 8000
2024-06-07T08:18:11.319Z info: Connected to DB and listening to port: 8000
2024-06-07T08:18:13.281Z info: Connected to DB and listening to port: 8000
2024-06-07T08:18:15.310Z info: Connected to DB and listening to port: 8000
2024-06-07T08:18:18.077Z info: Connected to DB and listening to port: 8000
2024-06-07T08:18:27.636Z info: Connected to DB and listening to port: 8000
2024-06-07T08:19:38.983Z info: Connected to DB and listening to port: 8000
2024-06-07T08:19:47.572Z info: Connected to DB and listening to port: 8000
2024-06-07T08:19:50.420Z info: Connected to DB and listening to port: 8000
2024-06-07T08:19:53.114Z info: Connected to DB and listening to port: 8000
2024-06-07T08:19:55.059Z info: Connected to DB and listening to port: 8000
2024-06-07T08:20:09.326Z info: Connected to DB and listening to port: 8000
2024-06-07T08:20:15.751Z info: Connected to DB and listening to port: 8000
2024-06-07T08:20:16.873Z info: Connected to DB and listening to port: 8000
2024-06-07T08:20:18.225Z info: Connected to DB and listening to port: 8000
2024-06-07T08:20:35.361Z info: Connected to DB and listening to port: 8000
2024-06-07T08:20:47.807Z info: Connected to DB and listening to port: 8000
2024-06-07T08:20:51.015Z info: Connected to DB and listening to port: 8000
2024-06-07T08:20:55.708Z info: Connected to DB and listening to port: 8000
2024-06-07T08:21:00.519Z info: Connected to DB and listening to port: 8000
2024-06-07T08:21:03.588Z info: Connected to DB and listening to port: 8000
2024-06-07T08:21:05.841Z info: Connected to DB and listening to port: 8000
2024-06-07T08:21:08.779Z info: Connected to DB and listening to port: 8000
2024-06-07T08:21:14.291Z info: Connected to DB and listening to port: 8000
2024-06-07T08:21:17.149Z info: Connected to DB and listening to port: 8000
2024-06-07T08:21:20.052Z info: Connected to DB and listening to port: 8000
2024-06-07T08:21:25.304Z info: Connected to DB and listening to port: 8000
2024-06-07T08:22:44.962Z info: Connected to DB and listening to port: 8000
2024-06-07T08:22:46.309Z info: Connected to DB and listening to port: 8000
2024-06-07T08:22:50.152Z info: Connected to DB and listening to port: 8000
2024-06-07T08:22:59.024Z info: Connected to DB and listening to port: 8000
2024-06-07T08:23:00.375Z info: Connected to DB and listening to port: 8000
2024-06-07T08:23:01.754Z info: Connected to DB and listening to port: 8000
2024-06-07T08:23:03.417Z info: Connected to DB and listening to port: 8000
2024-06-07T08:23:05.568Z info: Connected to DB and listening to port: 8000
2024-06-07T08:23:07.589Z info: Connected to DB and listening to port: 8000
2024-06-07T08:23:09.225Z info: Connected to DB and listening to port: 8000
2024-06-07T08:23:11.590Z info: Connected to DB and listening to port: 8000
2024-06-07T08:23:15.702Z info: Connected to DB and listening to port: 8000
2024-06-07T08:24:19.649Z info: Connected to DB and listening to port: 8000
2024-06-07T08:24:24.367Z info: Connected to DB and listening to port: 8000
2024-06-07T08:24:26.632Z info: Connected to DB and listening to port: 8000
2024-06-07T08:24:30.057Z info: Connected to DB and listening to port: 8000
2024-06-07T08:24:33.568Z info: Connected to DB and listening to port: 8000
2024-06-07T08:25:33.207Z info: Connected to DB and listening to port: 8000
2024-06-07T08:25:39.133Z info: Connected to DB and listening to port: 8000
2024-06-07T08:25:42.477Z info: Connected to DB and listening to port: 8000
2024-06-07T08:25:44.566Z info: Connected to DB and listening to port: 8000
2024-06-07T08:25:53.405Z info: Connected to DB and listening to port: 8000
2024-06-07T08:25:56.892Z info: Connected to DB and listening to port: 8000
2024-06-07T08:26:01.727Z info: Connected to DB and listening to port: 8000
2024-06-07T08:26:05.490Z info: Connected to DB and listening to port: 8000
2024-06-07T08:26:08.041Z info: Connected to DB and listening to port: 8000
2024-06-07T08:28:28.404Z info: Connected to DB and listening to port: 8000
2024-06-07T08:28:32.339Z info: Connected to DB and listening to port: 8000
2024-06-07T08:28:38.147Z info: Connected to DB and listening to port: 8000
2024-06-07T08:28:38.988Z info: Connected to DB and listening to port: 8000
2024-06-07T08:28:44.344Z info: Connected to DB and listening to port: 8000
2024-06-07T08:31:44.462Z info: Connected to DB and listening to port: 8000
2024-06-07T08:32:11.668Z info: Connected to DB and listening to port: 8000
2024-06-07T08:32:16.164Z info: Connected to DB and listening to port: 8000
2024-06-07T08:32:19.496Z info: Connected to DB and listening to port: 8000
2024-06-07T08:32:21.641Z info: Connected to DB and listening to port: 8000
2024-06-07T08:32:26.582Z info: Connected to DB and listening to port: 8000
2024-06-07T08:32:28.682Z info: Connected to DB and listening to port: 8000
2024-06-07T08:32:33.952Z info: Connected to DB and listening to port: 8000
2024-06-07T08:32:37.172Z info: Connected to DB and listening to port: 8000
2024-06-07T08:32:45.064Z info: Connected to DB and listening to port: 8000
2024-06-07T08:32:47.239Z info: Connected to DB and listening to port: 8000
2024-06-07T08:32:54.417Z info: Connected to DB and listening to port: 8000
2024-06-07T08:32:56.661Z info: Connected to DB and listening to port: 8000
2024-06-07T08:33:20.568Z info: Connected to DB and listening to port: 8000
2024-06-07T08:33:22.688Z info: Connected to DB and listening to port: 8000
2024-06-07T08:33:30.427Z info: Connected to DB and listening to port: 8000
2024-06-07T08:33:35.614Z info: Connected to DB and listening to port: 8000
2024-06-07T08:33:37.649Z info: Connected to DB and listening to port: 8000
2024-06-07T08:33:40.483Z info: Connected to DB and listening to port: 8000
2024-06-07T08:33:44.450Z info: Connected to DB and listening to port: 8000
2024-06-07T08:33:45.889Z info: Connected to DB and listening to port: 8000
2024-06-07T08:34:05.639Z info: Connected to DB and listening to port: 8000
2024-06-07T08:34:08.435Z info: Connected to DB and listening to port: 8000
2024-06-07T08:34:09.652Z info: Connected to DB and listening to port: 8000
2024-06-07T08:34:15.234Z info: Connected to DB and listening to port: 8000
2024-06-07T08:34:16.528Z info: Connected to DB and listening to port: 8000
2024-06-07T08:34:21.469Z info: Connected to DB and listening to port: 8000
2024-06-07T08:34:34.903Z info: Connected to DB and listening to port: 8000
2024-06-07T08:34:44.613Z info: Connected to DB and listening to port: 8000
2024-06-07T08:34:46.459Z info: Connected to DB and listening to port: 8000
2024-06-07T08:34:53.034Z info: Connected to DB and listening to port: 8000
2024-06-07T08:34:55.987Z info: Connected to DB and listening to port: 8000
2024-06-07T08:35:03.439Z info: Connected to DB and listening to port: 8000
2024-06-07T08:35:04.440Z info: Connected to DB and listening to port: 8000
2024-06-07T08:35:07.677Z info: Connected to DB and listening to port: 8000
2024-06-07T08:35:11.566Z info: Connected to DB and listening to port: 8000
2024-06-07T08:35:14.009Z info: Connected to DB and listening to port: 8000
2024-06-07T08:35:15.794Z info: Connected to DB and listening to port: 8000
2024-06-07T08:35:18.307Z info: Connected to DB and listening to port: 8000
2024-06-07T08:35:19.423Z info: Connected to DB and listening to port: 8000
2024-06-07T08:35:25.074Z info: Connected to DB and listening to port: 8000
2024-06-07T08:35:26.096Z info: Connected to DB and listening to port: 8000
2024-06-07T08:35:36.070Z info: Connected to DB and listening to port: 8000
2024-06-07T08:35:40.798Z info: Connected to DB and listening to port: 8000
2024-06-07T08:35:42.723Z info: Connected to DB and listening to port: 8000
2024-06-07T08:36:06.026Z info: Connected to DB and listening to port: 8000
2024-06-07T08:36:19.510Z info: Connected to DB and listening to port: 8000
2024-06-07T08:36:47.555Z info: Connected to DB and listening to port: 8000
2024-06-07T08:37:07.715Z info: Connected to DB and listening to port: 8000
2024-06-07T08:37:50.060Z info: /api/product/
2024-06-07T08:37:50.061Z info: Fetching Products
2024-06-07T08:37:50.071Z info: Products: 
2024-06-07T08:39:51.011Z info: /api/product/
2024-06-07T08:41:58.697Z info: /api/product/
2024-06-07T08:44:22.144Z info: Connected to DB and listening to port: 8000
2024-06-07T08:44:33.851Z info: /api/product/
2024-06-07T08:45:00.605Z info: Connected to DB and listening to port: 8000
2024-06-07T08:45:30.287Z info: /api/product/
2024-06-07T13:33:33.139Z info: Connected to DB and listening to port: 8000
2024-06-07T13:33:43.922Z info: Connected to DB and listening to port: 8000
2024-06-07T13:33:48.622Z info: Connected to DB and listening to port: 8000
2024-06-07T13:34:39.141Z info: /api/product/
2024-06-07T13:35:21.774Z info: /api/product/
2024-06-07T13:37:35.555Z info: Connected to DB and listening to port: 8000
2024-06-07T13:37:38.394Z info: Connected to DB and listening to port: 8000
2024-06-07T13:37:40.202Z info: Connected to DB and listening to port: 8000
2024-06-07T13:37:48.839Z info: Connected to DB and listening to port: 8000
2024-06-07T13:37:59.220Z info: Connected to DB and listening to port: 8000
2024-06-07T13:38:02.098Z info: Connected to DB and listening to port: 8000
2024-06-07T13:38:05.335Z info: Connected to DB and listening to port: 8000
2024-06-07T13:38:06.889Z info: Connected to DB and listening to port: 8000
2024-06-07T13:38:19.963Z info: Connected to DB and listening to port: 8000
2024-06-07T13:38:26.071Z info: Connected to DB and listening to port: 8000
2024-06-07T13:38:27.297Z info: Connected to DB and listening to port: 8000
2024-06-07T13:38:33.778Z info: Connected to DB and listening to port: 8000
2024-06-07T13:38:38.360Z info: Connected to DB and listening to port: 8000
2024-06-07T13:39:13.282Z info: Connected to DB and listening to port: 8000
2024-06-07T13:39:18.900Z info: Connected to DB and listening to port: 8000
2024-06-07T13:39:24.434Z info: Connected to DB and listening to port: 8000
2024-06-07T13:39:30.415Z info: /api/product/
2024-06-07T13:39:30.419Z info: undefined
2024-06-07T13:39:30.425Z info: Authentication success...
2024-06-07T13:40:35.275Z info: Connected to DB and listening to port: 8000
2024-06-07T13:40:40.531Z info: Connected to DB and listening to port: 8000
2024-06-07T13:40:48.056Z info: Connected to DB and listening to port: 8000
2024-06-07T13:40:55.944Z info: /api/product/
2024-06-07T13:40:55.948Z info: seller
2024-06-07T13:40:55.956Z info: Authentication success...
2024-06-07T13:40:55.963Z error: EcomProduct validation failed: SellerId: Path `SellerId` is required.
2024-06-07T13:43:02.815Z info: Connected to DB and listening to port: 8000
2024-06-07T13:43:04.345Z info: Connected to DB and listening to port: 8000
2024-06-07T13:43:08.443Z info: /api/product/
2024-06-07T13:43:25.090Z info: Connected to DB and listening to port: 8000
2024-06-07T13:43:28.004Z info: /api/product/
2024-06-07T13:43:28.035Z info: seller
2024-06-07T13:43:28.069Z info: Authentication success...
2024-06-07T13:43:28.088Z error: EcomProduct validation failed: SellerId: Path `SellerId` is required.
2024-06-07T13:44:47.040Z info: Connected to DB and listening to port: 8000
2024-06-07T13:44:48.211Z info: Connected to DB and listening to port: 8000
2024-06-07T13:44:50.260Z info: Connected to DB and listening to port: 8000
2024-06-07T13:44:57.655Z info: Connected to DB and listening to port: 8000
2024-06-07T13:45:02.135Z info: /api/product/
2024-06-07T13:45:02.139Z info: seller
2024-06-07T13:45:02.152Z info: Authentication success...
2024-06-07T13:45:02.167Z info: Product Created!!!
2024-06-07T13:45:42.525Z info: /api/product/
2024-06-07T13:45:42.528Z info: customer
2024-06-07T13:45:42.529Z info: Authentication success...
2024-06-07T13:45:57.934Z info: /api/product/
2024-06-07T13:45:57.935Z info: Fetching Products
2024-06-07T13:45:57.985Z info: Products: 
2024-06-07T13:46:12.180Z info: /api/product/66630ede488be8a2170ca8dd
2024-06-07T13:46:35.949Z info: Connected to DB and listening to port: 8000
2024-06-07T13:46:37.465Z info: Connected to DB and listening to port: 8000
2024-06-07T13:46:45.115Z info: Connected to DB and listening to port: 8000
2024-06-07T13:46:50.311Z info: Connected to DB and listening to port: 8000
2024-06-07T13:46:54.922Z info: Connected to DB and listening to port: 8000
2024-06-07T13:47:49.481Z info: /api/product/66630ede488be8a2170ca8dd
2024-06-07T13:48:02.843Z info: Connected to DB and listening to port: 8000
2024-06-07T13:48:05.236Z info: /api/product/66630ede488be8a2170ca8dd
2024-06-07T13:48:05.241Z info: seller
2024-06-07T13:48:05.245Z info: Authentication success...
2024-06-07T13:48:05.289Z info: Product Updating
2024-06-07T13:48:11.720Z info: /api/product/66630ede488be8a2170ca8dd
2024-06-07T13:48:30.312Z info: Connected to DB and listening to port: 8000
