2024-06-07T15:20:46.145Z info: Connected to DB and listening to port: 8000
2024-06-07T18:33:02.140Z info: Connected to DB and listening to port: 8000
2024-06-07T18:33:37.996Z info: Connected to DB and listening to port: 8000
2024-06-07T18:34:24.049Z info: /api/cart
2024-06-07T18:35:18.595Z info: /api/cart
2024-06-07T18:35:18.598Z info: customer
2024-06-07T18:35:18.603Z info: Authentication success...
2024-06-07T18:35:18.615Z error: Cart not available
2024-06-07T18:35:44.845Z info: /api/cart
2024-06-07T18:35:44.849Z info: seller
2024-06-07T18:35:44.850Z info: Authentication success...
2024-06-07T18:38:39.413Z info: /api/cart/
2024-06-07T18:38:39.415Z info: customer
2024-06-07T18:38:39.416Z info: Authentication success...
2024-06-07T18:38:39.419Z info: Creating a new cart!
2024-06-07T18:38:39.427Z info: Checking item index!!
2024-06-07T18:38:39.430Z info: Cart created!
2024-06-07T18:38:39.450Z info: Product added to cart
2024-06-07T18:38:48.316Z info: /api/cart/
2024-06-07T18:38:48.319Z info: customer
2024-06-07T18:38:48.319Z info: Authentication success...
2024-06-07T18:38:48.328Z error: Schema hasn't been registered for model "Product".
Use mongoose.model(name, schema)
2024-06-07T18:41:18.346Z info: /api/cart/
2024-06-07T18:41:18.349Z info: customer
2024-06-07T18:41:18.349Z info: Authentication success...
2024-06-07T18:41:18.353Z error: Schema hasn't been registered for model "Product".
Use mongoose.model(name, schema)
2024-06-07T18:44:06.064Z info: Connected to DB and listening to port: 8000
2024-06-07T18:45:10.240Z info: Connected to DB and listening to port: 8000
2024-06-07T18:45:12.450Z info: Connected to DB and listening to port: 8000
2024-06-07T18:46:33.495Z info: Connected to DB and listening to port: 8000
2024-06-07T18:46:49.924Z info: Connected to DB and listening to port: 7000
2024-06-07T18:48:29.696Z info: Connected to DB and listening to port: 7000
2024-06-07T18:48:31.496Z info: Connected to DB and listening to port: 7000
2024-06-07T18:48:36.154Z info: Connected to DB and listening to port: 7000
2024-06-07T18:48:47.775Z info: Connected to DB and listening to port: 7000
2024-06-07T18:50:01.591Z info: Connected to DB and listening to port: 7000
2024-06-07T18:50:10.793Z info: /api/cart/
2024-06-07T18:50:10.797Z info: customer
2024-06-07T18:50:10.802Z info: Authentication success...
2024-06-07T18:50:10.832Z error: Schema hasn't been registered for model "EcomProduct".
Use mongoose.model(name, schema)
2024-06-07T18:51:12.467Z info: Connected to DB and listening to port: 7000
2024-06-07T18:51:25.782Z info: /api/cart/
2024-06-07T18:51:25.787Z info: customer
2024-06-07T18:51:25.791Z info: Authentication success...
2024-06-07T18:51:25.815Z error: Schema hasn't been registered for model "EcomProduct".
Use mongoose.model(name, schema)
2024-06-07T18:51:58.499Z info: Connected to DB and listening to port: 7000
2024-06-07T18:52:24.212Z info: Connected to DB and listening to port: 7000
2024-06-07T18:52:26.521Z info: Connected to DB and listening to port: 7000
2024-06-07T18:52:41.749Z info: Connected to DB and listening to port: 7000
2024-06-07T18:52:45.049Z info: Connected to DB and listening to port: 7000
2024-06-07T18:52:49.085Z info: /api/cart/
2024-06-07T18:52:49.091Z info: customer
2024-06-07T18:52:49.098Z info: Authentication success...
2024-06-07T18:52:49.208Z info: The cart: 
2024-06-07T18:53:53.414Z info: /api/cart/66630ede488be8a2170ca8dd
2024-06-07T18:53:53.416Z info: customer
2024-06-07T18:53:53.417Z info: Authentication success...
2024-06-07T18:53:53.440Z info: Product removed from cart
2024-06-07T18:54:00.601Z info: /api/cart/66630ede488be8a2170ca8dd
2024-06-07T18:54:10.835Z info: /api/cart/
2024-06-07T18:54:10.837Z info: customer
2024-06-07T18:54:10.837Z info: Authentication success...
2024-06-07T18:54:10.847Z info: The cart: 
2024-06-07T18:55:05.784Z info: /api/cart/
2024-06-07T18:55:05.786Z info: customer
2024-06-07T18:55:05.787Z info: Authentication success...
2024-06-07T18:55:05.817Z info: Cart Created!!
2024-06-07T18:55:12.198Z info: /api/cart/
2024-06-07T18:55:12.200Z info: customer
2024-06-07T18:55:12.200Z info: Authentication success...
2024-06-07T18:55:12.203Z info: The cart: 
2024-06-07T18:56:47.648Z info: Connected to DB and listening to port: 7000
2024-06-08T07:14:50.788Z info: Connected to DB and listening to port: 7000
2024-06-08T07:35:45.709Z info: Connected to DB and listening to port: 7000
2024-06-08T07:35:46.589Z info: Connected to DB and listening to port: 7000
2024-06-09T05:09:17.640Z info: Connected to DB and listening to port: 7000
2024-06-09T05:10:52.030Z info: Connected to DB and listening to port: 7000
2024-06-09T05:10:56.665Z info: Connected to DB and listening to port: 7000
2024-06-09T05:10:59.607Z info: Connected to DB and listening to port: 7000
2024-06-09T05:11:03.264Z info: Connected to DB and listening to port: 7000
2024-06-09T05:11:06.654Z info: Connected to DB and listening to port: 7000
2024-06-09T05:11:07.861Z info: Connected to DB and listening to port: 7000
2024-06-09T05:11:16.071Z info: Connected to DB and listening to port: 7000
2024-06-09T05:11:18.551Z info: Connected to DB and listening to port: 7000
2024-06-09T05:11:28.361Z info: Connected to DB and listening to port: 7000
2024-06-09T05:11:31.976Z info: Connected to DB and listening to port: 7000
2024-06-09T05:11:34.366Z info: Connected to DB and listening to port: 7000
2024-06-09T05:11:44.403Z info: Connected to DB and listening to port: 7000
2024-06-09T05:11:47.541Z info: Connected to DB and listening to port: 7000
2024-06-09T05:11:48.664Z info: Connected to DB and listening to port: 7000
2024-06-09T05:11:50.823Z info: Connected to DB and listening to port: 7000
2024-06-09T05:11:52.930Z info: Connected to DB and listening to port: 7000
2024-06-09T05:11:54.640Z info: Connected to DB and listening to port: 7000
2024-06-09T05:12:00.274Z info: Connected to DB and listening to port: 7000
2024-06-09T05:12:05.105Z info: Connected to DB and listening to port: 7000
2024-06-09T05:12:16.045Z info: Connected to DB and listening to port: 7000
2024-06-09T05:12:24.381Z info: Connected to DB and listening to port: 7000
2024-06-09T05:12:37.260Z info: Connected to DB and listening to port: 7000
2024-06-09T05:12:41.218Z info: Connected to DB and listening to port: 7000
2024-06-09T05:12:53.237Z info: Connected to DB and listening to port: 7000
2024-06-09T05:12:54.446Z info: Connected to DB and listening to port: 7000
2024-06-09T05:13:02.723Z info: Connected to DB and listening to port: 7000
2024-06-09T05:13:04.575Z info: Connected to DB and listening to port: 7000
2024-06-09T05:13:16.096Z info: Connected to DB and listening to port: 7000
2024-06-09T05:13:17.941Z info: Connected to DB and listening to port: 7000
2024-06-09T05:13:24.725Z info: Connected to DB and listening to port: 7000
2024-06-09T05:13:29.677Z info: Connected to DB and listening to port: 7000
2024-06-09T05:13:33.242Z info: Connected to DB and listening to port: 7000
2024-06-09T05:13:35.918Z info: Connected to DB and listening to port: 7000
2024-06-09T05:13:40.183Z info: Connected to DB and listening to port: 7000
2024-06-09T05:13:41.316Z info: Connected to DB and listening to port: 7000
2024-06-09T05:13:44.056Z info: Connected to DB and listening to port: 7000
2024-06-09T05:13:48.761Z info: Connected to DB and listening to port: 7000
2024-06-09T05:13:54.751Z info: Connected to DB and listening to port: 7000
2024-06-09T05:14:04.830Z info: Connected to DB and listening to port: 7000
2024-06-09T05:14:08.217Z info: Connected to DB and listening to port: 7000
2024-06-09T05:14:09.122Z info: Connected to DB and listening to port: 7000
2024-06-09T05:15:06.417Z info: Connected to DB and listening to port: 7000
2024-06-09T05:15:09.282Z info: Connected to DB and listening to port: 7000
2024-06-09T05:15:10.596Z info: Connected to DB and listening to port: 7000
2024-06-09T05:15:12.188Z info: Connected to DB and listening to port: 7000
2024-06-09T05:15:15.518Z info: Connected to DB and listening to port: 7000
2024-06-09T05:15:23.823Z info: Connected to DB and listening to port: 7000
2024-06-09T05:15:28.497Z info: Connected to DB and listening to port: 7000
2024-06-09T05:15:31.268Z info: Connected to DB and listening to port: 7000
2024-06-09T05:15:32.553Z info: Connected to DB and listening to port: 7000
2024-06-09T05:16:14.067Z info: Connected to DB and listening to port: 7000
2024-06-09T05:16:24.694Z info: Connected to DB and listening to port: 7000
2024-06-09T05:16:30.859Z info: Connected to DB and listening to port: 7000
2024-06-09T05:16:32.481Z info: Connected to DB and listening to port: 7000
2024-06-09T05:16:38.134Z info: Connected to DB and listening to port: 7000
2024-06-09T05:18:11.815Z info: Connected to DB and listening to port: 7000
2024-06-09T05:18:15.443Z info: Connected to DB and listening to port: 7000
2024-06-09T05:18:18.038Z info: Connected to DB and listening to port: 7000
2024-06-09T05:18:21.364Z info: Connected to DB and listening to port: 7000
2024-06-09T05:18:27.466Z info: Connected to DB and listening to port: 7000
2024-06-09T05:18:29.364Z info: Connected to DB and listening to port: 7000
2024-06-09T05:18:34.830Z info: Connected to DB and listening to port: 7000
2024-06-09T05:18:37.978Z info: Connected to DB and listening to port: 7000
2024-06-09T05:21:57.485Z info: Connected to DB and listening to port: 7000
2024-06-09T05:22:00.960Z info: Connected to DB and listening to port: 7000
2024-06-09T05:22:02.448Z info: Connected to DB and listening to port: 7000
2024-06-09T05:22:28.493Z info: Connected to DB and listening to port: 7000
2024-06-09T05:22:45.532Z info: Connected to DB and listening to port: 7000
2024-06-09T05:22:52.518Z info: Connected to DB and listening to port: 7000
2024-06-09T05:22:57.184Z info: Connected to DB and listening to port: 7000
2024-06-09T05:23:03.371Z info: Connected to DB and listening to port: 7000
2024-06-09T05:32:21.353Z info: Connected to DB and listening to port: 7000
2024-06-09T05:32:24.050Z info: Connected to DB and listening to port: 7000
2024-06-09T05:32:26.852Z info: Connected to DB and listening to port: 7000
2024-06-09T05:32:28.780Z info: Connected to DB and listening to port: 7000
2024-06-09T05:32:35.983Z info: Connected to DB and listening to port: 7000
2024-06-09T05:32:37.924Z info: Connected to DB and listening to port: 7000
2024-06-09T05:32:43.302Z info: Connected to DB and listening to port: 7000
2024-06-09T05:32:45.676Z info: Connected to DB and listening to port: 7000
2024-06-09T05:32:46.764Z info: Connected to DB and listening to port: 7000
2024-06-09T05:32:54.661Z info: Connected to DB and listening to port: 7000
2024-06-09T05:53:43.421Z info: Connected to DB and listening to port: 7000
2024-06-09T05:53:55.748Z info: Connected to DB and listening to port: 7000
2024-06-09T05:54:02.775Z info: Connected to DB and listening to port: 7000
2024-06-11T05:47:17.069Z info: Connected to DB and listening to port: 7000
2024-06-11T05:47:59.323Z info: Connected to DB and listening to port: 7000
2024-06-11T05:48:11.345Z info: Connected to DB and listening to port: 6000
2024-06-11T05:48:59.885Z info: Connected to DB and listening to port: 7000
2024-06-11T05:49:10.914Z info: Connected to DB and listening to port: 7000
2024-08-30T04:00:45.912Z info: Connected to DB and listening to port: 7000
