2024-06-11T05:45:56.700Z info: Connected to DB and listening to port: 7000
2024-06-11T05:46:20.226Z info: Connected to DB and listening to port: 5000
2024-06-11T05:49:41.593Z info: Connected to DB and listening to port: 5000
2024-06-11T06:01:57.183Z info: Connected to DB and listening to port: 5000
2024-06-11T06:09:50.684Z info: Connected to DB and listening to port: 5000
2024-06-11T06:09:52.001Z info: Connected to DB and listening to port: 5000
2024-06-11T06:10:13.999Z info: Connected to DB and listening to port: 5000
2024-06-11T06:10:18.556Z info: Connected to DB and listening to port: 5000
2024-06-11T06:10:20.823Z info: Connected to DB and listening to port: 5000
2024-06-11T06:10:30.198Z info: Connected to DB and listening to port: 5000
2024-06-11T06:10:31.812Z info: Connected to DB and listening to port: 5000
2024-06-11T06:10:33.149Z info: Connected to DB and listening to port: 5000
2024-06-11T06:10:34.984Z info: Connected to DB and listening to port: 5000
2024-06-11T06:10:42.569Z info: Connected to DB and listening to port: 5000
2024-06-11T06:10:46.747Z info: Connected to DB and listening to port: 5000
2024-06-11T06:10:53.945Z info: Connected to DB and listening to port: 5000
2024-06-11T06:10:58.505Z info: Connected to DB and listening to port: 5000
2024-06-11T06:11:04.670Z info: Connected to DB and listening to port: 5000
2024-06-11T06:11:09.590Z info: Connected to DB and listening to port: 5000
2024-06-11T06:11:12.558Z info: Connected to DB and listening to port: 5000
2024-06-11T06:11:19.123Z info: Connected to DB and listening to port: 5000
2024-06-11T06:11:23.105Z info: Connected to DB and listening to port: 5000
2024-06-11T06:11:24.570Z info: Connected to DB and listening to port: 5000
2024-06-11T06:11:27.042Z info: Connected to DB and listening to port: 5000
2024-06-11T06:11:30.086Z info: Connected to DB and listening to port: 5000
2024-06-11T06:11:35.925Z info: Connected to DB and listening to port: 5000
2024-06-11T06:11:39.100Z info: Connected to DB and listening to port: 5000
2024-06-11T06:11:45.937Z info: Connected to DB and listening to port: 5000
2024-06-11T06:11:49.707Z info: Connected to DB and listening to port: 5000
2024-06-11T06:11:57.276Z info: Connected to DB and listening to port: 5000
2024-06-11T06:11:59.177Z info: Connected to DB and listening to port: 5000
2024-06-11T06:12:09.080Z info: Connected to DB and listening to port: 5000
2024-06-11T06:12:13.021Z info: Connected to DB and listening to port: 5000
2024-06-11T06:12:18.149Z info: Connected to DB and listening to port: 5000
2024-06-11T06:12:21.322Z info: Connected to DB and listening to port: 5000
2024-06-11T06:12:25.717Z info: Connected to DB and listening to port: 5000
2024-06-11T06:12:31.247Z info: Connected to DB and listening to port: 5000
2024-06-11T06:12:36.984Z info: Connected to DB and listening to port: 5000
2024-06-11T06:12:39.535Z info: Connected to DB and listening to port: 5000
2024-06-11T06:12:40.585Z info: Connected to DB and listening to port: 5000
2024-06-11T06:12:43.690Z info: Connected to DB and listening to port: 5000
2024-06-11T06:12:45.796Z info: Connected to DB and listening to port: 5000
2024-06-11T06:12:47.072Z info: Connected to DB and listening to port: 5000
2024-06-11T06:12:49.348Z info: Connected to DB and listening to port: 5000
2024-06-11T06:12:52.977Z info: Connected to DB and listening to port: 5000
2024-06-11T06:12:57.527Z info: Connected to DB and listening to port: 5000
2024-06-11T06:13:01.301Z info: Connected to DB and listening to port: 5000
2024-06-11T06:13:06.718Z info: Connected to DB and listening to port: 5000
2024-06-11T06:13:08.079Z info: Connected to DB and listening to port: 5000
2024-06-11T06:13:11.887Z info: Connected to DB and listening to port: 5000
2024-06-11T06:13:13.466Z info: Connected to DB and listening to port: 5000
2024-06-11T06:13:16.945Z info: Connected to DB and listening to port: 5000
2024-06-11T06:13:31.224Z info: Connected to DB and listening to port: 5000
2024-06-11T06:13:46.999Z info: Connected to DB and listening to port: 5000
2024-06-11T06:13:49.232Z info: Connected to DB and listening to port: 5000
2024-06-11T06:13:54.154Z info: Connected to DB and listening to port: 5000
2024-06-11T06:14:06.032Z info: Connected to DB and listening to port: 5000
2024-06-11T06:14:08.160Z info: Connected to DB and listening to port: 5000
2024-06-11T06:14:10.039Z info: Connected to DB and listening to port: 5000
2024-06-11T06:14:13.422Z info: Connected to DB and listening to port: 5000
2024-06-11T06:14:16.441Z info: Connected to DB and listening to port: 5000
2024-06-11T06:14:18.087Z info: Connected to DB and listening to port: 5000
2024-06-11T06:14:20.438Z info: Connected to DB and listening to port: 5000
2024-06-11T06:14:21.401Z info: Connected to DB and listening to port: 5000
2024-06-11T06:14:25.073Z info: Connected to DB and listening to port: 5000
2024-06-11T06:14:26.809Z info: Connected to DB and listening to port: 5000
2024-06-11T06:14:31.810Z info: Connected to DB and listening to port: 5000
2024-06-11T06:14:37.688Z info: Connected to DB and listening to port: 5000
2024-06-11T06:14:40.389Z info: Connected to DB and listening to port: 5000
2024-06-11T06:14:41.719Z info: Connected to DB and listening to port: 5000
2024-06-11T06:14:43.284Z info: Connected to DB and listening to port: 5000
2024-06-11T06:18:54.956Z info: Connected to DB and listening to port: 5000
2024-06-11T06:18:58.280Z info: Connected to DB and listening to port: 5000
2024-06-11T06:19:02.193Z info: Connected to DB and listening to port: 5000
2024-06-11T06:19:07.301Z info: Connected to DB and listening to port: 5000
2024-06-11T06:19:10.993Z info: Connected to DB and listening to port: 5000
2024-06-11T06:19:15.080Z info: Connected to DB and listening to port: 5000
2024-06-11T06:19:16.162Z info: Connected to DB and listening to port: 5000
2024-06-11T06:19:17.760Z info: Connected to DB and listening to port: 5000
2024-06-11T06:19:22.146Z info: Connected to DB and listening to port: 5000
2024-06-11T06:19:23.760Z info: Connected to DB and listening to port: 5000
2024-06-11T06:19:26.716Z info: Connected to DB and listening to port: 5000
2024-06-11T06:19:31.538Z info: Connected to DB and listening to port: 5000
2024-06-11T06:19:34.544Z info: Connected to DB and listening to port: 5000
2024-06-11T06:19:42.039Z info: Connected to DB and listening to port: 5000
2024-06-11T06:19:44.287Z info: Connected to DB and listening to port: 5000
2024-06-11T06:19:52.427Z info: Connected to DB and listening to port: 5000
2024-06-11T06:19:55.046Z info: Connected to DB and listening to port: 5000
2024-06-11T06:19:59.283Z info: Connected to DB and listening to port: 5000
2024-06-11T06:20:39.661Z info: Connected to DB and listening to port: 5000
2024-06-11T06:20:40.970Z info: Connected to DB and listening to port: 5000
2024-06-11T06:20:44.315Z info: Connected to DB and listening to port: 5000
2024-06-11T06:20:51.161Z info: Connected to DB and listening to port: 5000
2024-06-11T06:20:53.669Z info: Connected to DB and listening to port: 5000
2024-06-11T06:21:07.664Z info: Connected to DB and listening to port: 5000
2024-06-11T06:21:08.958Z info: Connected to DB and listening to port: 5000
2024-06-11T06:21:19.185Z info: Connected to DB and listening to port: 5000
2024-06-11T06:21:20.427Z info: Connected to DB and listening to port: 5000
2024-06-11T06:21:23.119Z info: Connected to DB and listening to port: 5000
2024-06-11T06:21:27.598Z info: Connected to DB and listening to port: 5000
2024-06-11T06:21:31.137Z info: Connected to DB and listening to port: 5000
2024-06-11T06:21:59.681Z info: Connected to DB and listening to port: 5000
2024-06-11T06:22:01.485Z info: Connected to DB and listening to port: 5000
2024-06-11T06:22:13.456Z info: Connected to DB and listening to port: 5000
2024-06-11T06:22:15.447Z info: Connected to DB and listening to port: 5000
2024-06-11T06:22:16.682Z info: Connected to DB and listening to port: 5000
2024-06-11T06:22:18.999Z info: Connected to DB and listening to port: 5000
2024-06-11T06:22:26.321Z info: Connected to DB and listening to port: 5000
2024-06-11T06:22:32.856Z info: Connected to DB and listening to port: 5000
2024-06-11T06:22:35.074Z info: Connected to DB and listening to port: 5000
2024-06-11T06:22:37.426Z info: Connected to DB and listening to port: 5000
2024-06-11T06:22:39.027Z info: Connected to DB and listening to port: 5000
2024-06-11T06:22:44.856Z info: Connected to DB and listening to port: 5000
2024-06-11T06:22:51.820Z info: Connected to DB and listening to port: 5000
2024-06-11T06:23:14.811Z info: Connected to DB and listening to port: 5000
2024-06-11T06:23:17.315Z info: Connected to DB and listening to port: 5000
2024-06-11T06:23:20.246Z info: Connected to DB and listening to port: 5000
2024-06-11T06:23:25.824Z info: Connected to DB and listening to port: 5000
2024-06-11T06:23:26.978Z info: Connected to DB and listening to port: 5000
2024-06-11T06:23:28.352Z info: Connected to DB and listening to port: 5000
2024-06-11T06:23:34.733Z info: Connected to DB and listening to port: 5000
2024-06-11T06:23:43.352Z info: Connected to DB and listening to port: 5000
2024-06-11T06:23:45.168Z info: Connected to DB and listening to port: 5000
2024-06-11T06:23:47.816Z info: Connected to DB and listening to port: 5000
2024-06-11T06:23:53.173Z info: Connected to DB and listening to port: 5000
2024-06-11T06:23:58.423Z info: Connected to DB and listening to port: 5000
2024-06-11T06:24:01.991Z info: Connected to DB and listening to port: 5000
2024-06-11T06:24:05.330Z info: Connected to DB and listening to port: 5000
2024-06-11T06:24:07.777Z info: Connected to DB and listening to port: 5000
2024-06-11T06:24:10.586Z info: Connected to DB and listening to port: 5000
2024-06-11T06:24:13.681Z info: Connected to DB and listening to port: 5000
2024-06-11T06:24:15.499Z info: Connected to DB and listening to port: 5000
2024-06-11T06:24:57.220Z info: Connected to DB and listening to port: 5000
2024-06-11T06:26:15.471Z info: Connected to DB and listening to port: 5000
2024-06-11T06:26:17.422Z info: Connected to DB and listening to port: 5000
2024-06-11T06:26:21.401Z info: Connected to DB and listening to port: 5000
2024-06-11T06:26:23.826Z info: Connected to DB and listening to port: 5000
2024-06-11T06:26:29.317Z info: Connected to DB and listening to port: 5000
2024-06-11T06:26:31.061Z info: Connected to DB and listening to port: 5000
2024-06-11T06:26:32.330Z info: Connected to DB and listening to port: 5000
2024-06-11T06:26:38.680Z info: Connected to DB and listening to port: 5000
2024-06-11T06:26:41.959Z info: Connected to DB and listening to port: 5000
2024-06-11T06:26:43.183Z info: Connected to DB and listening to port: 5000
2024-06-11T06:26:47.541Z info: Connected to DB and listening to port: 5000
2024-06-11T06:26:49.091Z info: Connected to DB and listening to port: 5000
2024-06-11T06:26:57.299Z info: Connected to DB and listening to port: 5000
2024-06-11T06:26:59.682Z info: Connected to DB and listening to port: 5000
2024-06-11T06:27:02.424Z info: Connected to DB and listening to port: 5000
2024-06-11T06:27:04.419Z info: Connected to DB and listening to port: 5000
2024-06-11T06:27:10.867Z info: Connected to DB and listening to port: 5000
2024-06-11T06:27:16.542Z info: Connected to DB and listening to port: 5000
2024-06-11T06:27:18.013Z info: Connected to DB and listening to port: 5000
2024-06-11T06:27:19.678Z info: Connected to DB and listening to port: 5000
2024-06-11T06:27:26.124Z info: Connected to DB and listening to port: 5000
2024-06-11T06:27:29.586Z info: Connected to DB and listening to port: 5000
2024-06-11T06:27:32.948Z info: Connected to DB and listening to port: 5000
2024-06-11T06:27:39.507Z info: Connected to DB and listening to port: 5000
2024-06-11T06:27:53.661Z info: Connected to DB and listening to port: 5000
2024-06-11T06:27:57.093Z info: Connected to DB and listening to port: 5000
2024-06-11T06:27:59.671Z info: Connected to DB and listening to port: 5000
2024-06-11T06:28:04.320Z info: Connected to DB and listening to port: 5000
2024-06-11T06:28:06.287Z info: Connected to DB and listening to port: 5000
2024-06-11T06:28:08.678Z info: Connected to DB and listening to port: 5000
2024-06-11T06:28:11.657Z info: Connected to DB and listening to port: 5000
2024-06-11T06:28:14.573Z info: Connected to DB and listening to port: 5000
2024-06-11T06:28:17.888Z info: Connected to DB and listening to port: 5000
2024-06-11T06:28:26.006Z info: Connected to DB and listening to port: 5000
2024-06-11T06:28:31.265Z info: Connected to DB and listening to port: 5000
2024-06-11T06:28:36.750Z info: Connected to DB and listening to port: 5000
2024-06-11T06:28:38.553Z info: Connected to DB and listening to port: 5000
2024-06-11T06:28:40.054Z info: Connected to DB and listening to port: 5000
2024-06-11T06:28:43.551Z info: Connected to DB and listening to port: 5000
2024-06-11T06:28:44.574Z info: Connected to DB and listening to port: 5000
2024-06-11T06:28:51.102Z info: Connected to DB and listening to port: 5000
2024-06-11T06:28:52.143Z info: Connected to DB and listening to port: 5000
2024-06-11T06:28:56.172Z info: Connected to DB and listening to port: 5000
2024-06-11T06:28:59.636Z info: Connected to DB and listening to port: 5000
2024-06-11T06:29:03.879Z info: Connected to DB and listening to port: 5000
2024-06-11T06:29:05.880Z info: Connected to DB and listening to port: 5000
2024-06-11T06:29:07.367Z info: Connected to DB and listening to port: 5000
2024-06-11T06:29:08.736Z info: Connected to DB and listening to port: 5000
2024-06-11T06:29:10.863Z info: Connected to DB and listening to port: 5000
2024-06-11T06:29:15.301Z info: Connected to DB and listening to port: 5000
2024-06-11T06:29:16.806Z info: Connected to DB and listening to port: 5000
2024-06-11T06:29:18.723Z info: Connected to DB and listening to port: 5000
2024-06-11T06:29:20.630Z info: Connected to DB and listening to port: 5000
2024-06-11T06:29:31.482Z info: Connected to DB and listening to port: 5000
2024-06-11T06:29:33.164Z info: Connected to DB and listening to port: 5000
2024-06-11T06:29:35.348Z info: Connected to DB and listening to port: 5000
2024-06-11T06:29:39.598Z info: Connected to DB and listening to port: 5000
2024-06-11T06:29:42.142Z info: Connected to DB and listening to port: 5000
2024-06-11T06:29:48.223Z info: Connected to DB and listening to port: 5000
2024-06-11T06:29:52.787Z info: Connected to DB and listening to port: 5000
2024-06-11T06:29:54.489Z info: Connected to DB and listening to port: 5000
2024-06-11T06:29:55.839Z info: Connected to DB and listening to port: 5000
2024-06-11T06:30:00.891Z info: Connected to DB and listening to port: 5000
2024-06-11T06:30:02.767Z info: Connected to DB and listening to port: 5000
2024-06-11T06:30:04.737Z info: Connected to DB and listening to port: 5000
2024-06-11T06:30:16.040Z info: Connected to DB and listening to port: 5000
2024-06-11T06:30:19.096Z info: Connected to DB and listening to port: 5000
2024-06-11T06:30:21.151Z info: Connected to DB and listening to port: 5000
2024-06-11T06:30:23.199Z info: Connected to DB and listening to port: 5000
2024-06-11T06:30:25.310Z info: Connected to DB and listening to port: 5000
2024-06-11T06:30:34.862Z info: Connected to DB and listening to port: 5000
2024-06-11T06:30:45.661Z info: Connected to DB and listening to port: 5000
2024-06-11T06:30:49.690Z info: Connected to DB and listening to port: 5000
2024-06-11T06:31:20.127Z info: Connected to DB and listening to port: 5000
2024-06-11T06:31:26.745Z info: Connected to DB and listening to port: 5000
2024-06-11T06:31:29.927Z info: Connected to DB and listening to port: 5000
2024-06-11T06:31:31.862Z info: Connected to DB and listening to port: 5000
2024-06-11T06:31:34.844Z info: Connected to DB and listening to port: 5000
2024-06-11T06:31:37.465Z info: Connected to DB and listening to port: 5000
2024-06-11T06:31:38.853Z info: Connected to DB and listening to port: 5000
2024-06-11T06:31:42.133Z info: Connected to DB and listening to port: 5000
2024-06-11T06:31:46.379Z info: Connected to DB and listening to port: 5000
2024-06-11T06:31:48.501Z info: Connected to DB and listening to port: 5000
2024-06-11T06:31:50.019Z info: Connected to DB and listening to port: 5000
2024-06-11T06:32:11.139Z info: Connected to DB and listening to port: 5000
2024-06-11T06:32:12.314Z info: Connected to DB and listening to port: 5000
2024-06-11T06:32:13.727Z info: Connected to DB and listening to port: 5000
2024-06-11T06:32:16.005Z info: Connected to DB and listening to port: 5000
2024-06-11T06:32:23.772Z info: Connected to DB and listening to port: 5000
2024-06-11T06:32:25.964Z info: Connected to DB and listening to port: 5000
2024-06-11T06:32:30.351Z info: Connected to DB and listening to port: 5000
2024-06-11T06:32:34.961Z info: Connected to DB and listening to port: 5000
2024-06-11T06:32:38.441Z info: Connected to DB and listening to port: 5000
2024-06-11T06:32:43.251Z info: Connected to DB and listening to port: 5000
2024-06-11T06:32:49.086Z info: Connected to DB and listening to port: 5000
2024-06-11T06:32:51.140Z info: Connected to DB and listening to port: 5000
2024-06-11T06:32:52.539Z info: Connected to DB and listening to port: 5000
2024-06-11T06:32:54.547Z info: Connected to DB and listening to port: 5000
2024-06-11T06:32:57.260Z info: Connected to DB and listening to port: 5000
2024-06-11T06:33:01.136Z info: Connected to DB and listening to port: 5000
2024-06-11T06:33:03.080Z info: Connected to DB and listening to port: 5000
2024-06-11T06:33:04.515Z info: Connected to DB and listening to port: 5000
2024-06-11T06:33:07.485Z info: Connected to DB and listening to port: 5000
2024-06-11T06:33:09.912Z info: Connected to DB and listening to port: 5000
2024-06-11T06:33:26.865Z info: Connected to DB and listening to port: 5000
2024-06-11T06:33:33.213Z info: Connected to DB and listening to port: 5000
2024-06-11T06:33:34.960Z info: Connected to DB and listening to port: 5000
2024-06-11T06:33:39.301Z info: Connected to DB and listening to port: 5000
2024-06-11T06:33:44.106Z info: Connected to DB and listening to port: 5000
2024-06-11T06:33:48.021Z info: Connected to DB and listening to port: 5000
2024-06-11T06:33:52.831Z info: Connected to DB and listening to port: 5000
2024-06-11T06:33:54.746Z info: Connected to DB and listening to port: 5000
2024-06-11T06:33:57.925Z info: Connected to DB and listening to port: 5000
2024-06-11T06:33:59.955Z info: Connected to DB and listening to port: 5000
2024-06-11T06:34:02.142Z info: Connected to DB and listening to port: 5000
2024-06-11T06:34:04.308Z info: Connected to DB and listening to port: 5000
2024-06-11T06:34:05.642Z info: Connected to DB and listening to port: 5000
2024-06-11T06:34:07.165Z info: Connected to DB and listening to port: 5000
2024-06-11T06:34:10.242Z info: Connected to DB and listening to port: 5000
2024-06-11T06:34:13.971Z info: Connected to DB and listening to port: 5000
2024-06-11T06:34:16.960Z info: Connected to DB and listening to port: 5000
2024-06-11T06:34:21.716Z info: Connected to DB and listening to port: 5000
2024-06-11T06:34:38.181Z info: Connected to DB and listening to port: 5000
2024-06-11T06:34:40.060Z info: Connected to DB and listening to port: 5000
2024-06-11T06:34:42.301Z info: Connected to DB and listening to port: 5000
2024-06-11T06:34:44.405Z info: Connected to DB and listening to port: 5000
2024-06-11T06:34:47.817Z info: Connected to DB and listening to port: 5000
2024-06-11T06:34:51.489Z info: Connected to DB and listening to port: 5000
2024-06-11T06:34:53.544Z info: Connected to DB and listening to port: 5000
2024-06-11T06:34:54.917Z info: Connected to DB and listening to port: 5000
2024-06-11T06:34:56.449Z info: Connected to DB and listening to port: 5000
2024-06-11T06:35:01.404Z info: Connected to DB and listening to port: 5000
2024-06-11T06:35:06.780Z info: Connected to DB and listening to port: 5000
2024-06-11T06:35:08.371Z info: Connected to DB and listening to port: 5000
2024-06-11T06:35:13.163Z info: Connected to DB and listening to port: 5000
2024-06-11T06:35:37.495Z info: Connected to DB and listening to port: 5000
2024-06-11T06:35:40.207Z info: Connected to DB and listening to port: 5000
2024-06-11T06:35:41.458Z info: Connected to DB and listening to port: 5000
2024-06-11T06:35:44.888Z info: Connected to DB and listening to port: 5000
2024-06-11T06:35:51.221Z info: Connected to DB and listening to port: 5000
2024-06-11T06:35:52.429Z info: Connected to DB and listening to port: 5000
2024-06-11T06:35:58.867Z info: Connected to DB and listening to port: 5000
2024-06-11T06:36:05.531Z info: Connected to DB and listening to port: 5000
2024-06-11T06:36:10.515Z info: Connected to DB and listening to port: 5000
2024-06-11T06:36:11.356Z info: Connected to DB and listening to port: 5000
2024-06-11T06:36:21.830Z info: Connected to DB and listening to port: 5000
2024-06-11T06:36:27.519Z info: Connected to DB and listening to port: 5000
2024-06-11T06:36:31.671Z info: Connected to DB and listening to port: 5000
2024-06-11T06:36:35.389Z info: Connected to DB and listening to port: 5000
2024-06-11T06:36:40.981Z info: Connected to DB and listening to port: 5000
2024-06-11T06:36:43.772Z info: Connected to DB and listening to port: 5000
2024-06-11T06:36:45.068Z info: Connected to DB and listening to port: 5000
2024-06-11T06:36:48.668Z info: Connected to DB and listening to port: 5000
2024-06-11T06:36:54.529Z info: Connected to DB and listening to port: 5000
2024-06-11T06:36:57.326Z info: Connected to DB and listening to port: 5000
2024-06-11T06:36:58.753Z info: Connected to DB and listening to port: 5000
2024-06-11T06:37:06.342Z info: Connected to DB and listening to port: 5000
2024-06-11T06:37:13.423Z info: Connected to DB and listening to port: 5000
2024-06-11T06:37:16.278Z info: Connected to DB and listening to port: 5000
2024-06-11T06:37:24.863Z info: Connected to DB and listening to port: 5000
2024-06-11T06:37:33.080Z info: Connected to DB and listening to port: 5000
2024-06-11T06:37:59.953Z info: Connected to DB and listening to port: 5000
2024-06-11T06:38:03.822Z info: Connected to DB and listening to port: 5000
2024-06-11T06:38:20.602Z info: Connected to DB and listening to port: 5000
2024-06-11T06:38:23.699Z info: Connected to DB and listening to port: 5000
2024-06-11T06:38:26.094Z info: Connected to DB and listening to port: 5000
2024-06-11T06:38:29.678Z info: Connected to DB and listening to port: 5000
2024-06-11T07:13:46.051Z info: Connected to DB and listening to port: 5000
2024-06-11T07:13:55.311Z info: Connected to DB and listening to port: 5000
2024-06-11T07:13:57.818Z info: Connected to DB and listening to port: 5000
2024-06-11T07:13:59.873Z info: Connected to DB and listening to port: 5000
2024-06-11T07:15:13.669Z info: Connected to DB and listening to port: 5000
2024-06-11T07:15:14.858Z info: Connected to DB and listening to port: 5000
2024-06-11T07:15:18.762Z info: Connected to DB and listening to port: 5000
2024-06-11T07:15:21.738Z info: Connected to DB and listening to port: 5000
2024-06-11T07:15:26.727Z info: Connected to DB and listening to port: 5000
2024-06-11T07:15:37.668Z info: Connected to DB and listening to port: 5000
2024-06-11T07:15:39.067Z info: Connected to DB and listening to port: 5000
2024-06-11T07:50:25.621Z info: Connected to DB and listening to port: 5000
2024-06-11T07:50:27.203Z info: Connected to DB and listening to port: 5000
2024-06-11T07:50:43.759Z info: Connected to DB and listening to port: 5000
2024-06-11T07:51:13.988Z info: Connected to DB and listening to port: 5000
2024-06-11T07:51:27.838Z info: Connected to DB and listening to port: 5000
2024-06-11T07:51:39.460Z info: Connected to DB and listening to port: 5000
2024-06-11T07:51:44.767Z info: Connected to DB and listening to port: 5000
2024-06-11T07:51:50.055Z info: Connected to DB and listening to port: 5000
2024-06-11T07:51:53.451Z info: Connected to DB and listening to port: 5000
2024-06-11T07:52:00.508Z info: Connected to DB and listening to port: 5000
2024-06-11T07:52:06.562Z info: Connected to DB and listening to port: 5000
2024-06-11T07:52:08.573Z info: Connected to DB and listening to port: 5000
2024-06-11T07:52:09.906Z info: Connected to DB and listening to port: 5000
2024-06-11T07:52:15.641Z info: Connected to DB and listening to port: 5000
2024-06-11T07:52:16.951Z info: Connected to DB and listening to port: 5000
2024-06-11T07:52:18.191Z info: Connected to DB and listening to port: 5000
2024-06-11T07:53:01.965Z info: Connected to DB and listening to port: 5000
2024-06-11T07:53:04.072Z info: Connected to DB and listening to port: 5000
2024-06-11T07:53:05.885Z info: Connected to DB and listening to port: 5000
2024-06-11T07:53:10.909Z info: Connected to DB and listening to port: 5000
2024-06-11T07:53:12.543Z info: Connected to DB and listening to port: 5000
2024-06-11T07:53:16.057Z info: Connected to DB and listening to port: 5000
2024-06-11T07:54:37.717Z info: Connected to DB and listening to port: 5000
2024-06-11T07:54:40.822Z info: Connected to DB and listening to port: 5000
2024-06-11T07:54:44.202Z info: Connected to DB and listening to port: 5000
2024-06-11T07:54:56.147Z info: Connected to DB and listening to port: 5000
2024-06-11T08:04:21.721Z info: /api/payment/create
2024-06-11T09:27:39.751Z info: /api/payment/create
2024-06-11T09:28:04.136Z info: /api/payment/create
2024-06-11T09:30:23.213Z info: /api/payment/create
2024-06-11T09:37:51.009Z info: /api/payment/create
2024-06-11T09:37:51.017Z info: Fetching OrderId and Amount from req.body
2024-06-11T09:37:51.017Z info: 66681aeef84e5a637922d018
2024-06-11T09:37:51.018Z info: Logging User Id..
2024-06-11T09:37:51.018Z info: 666804781bf84c619572a809
2024-06-11T09:37:51.018Z info: Finding Order by ID
2024-06-11T09:37:51.022Z info: Authentication success...
2024-06-11T09:37:51.049Z info: {
  _id: new ObjectId('66681aeef84e5a637922d018'),
  UserId: new ObjectId('666804781bf84c619572a809'),
  items: [
    {
      ProductId: new ObjectId('66630ede488be8a2170ca8dd'),
      Quantity: 3,
      Price: 15000,
      _id: new ObjectId('66681aeef84e5a637922d019')
    }
  ],
  totalPrice: 45000,
  status: 'Pending',
  __v: 0
}
2024-06-11T09:37:51.052Z info: Payment Intent
2024-06-11T09:37:51.496Z error: You did not provide an API key. You need to provide your API key in the Authorization header, using Bearer auth (e.g. 'Authorization: Bearer YOUR_SECRET_KEY'). See https://stripe.com/docs/api#authentication for details, or we can help at https://support.stripe.com/.
2024-06-11T10:06:00.947Z info: /api/payment/create
2024-06-11T10:06:00.948Z info: Fetching OrderId and Amount from req.body
2024-06-11T10:06:00.949Z info: 666821887054d63424ad94bf
2024-06-11T10:06:00.949Z info: Logging User Id..
2024-06-11T10:06:00.949Z info: 666804781bf84c619572a809
2024-06-11T10:06:00.949Z info: Finding Order by ID
2024-06-11T10:06:00.950Z info: Authentication success...
2024-06-11T10:06:00.960Z info: {
  _id: new ObjectId('666821887054d63424ad94bf'),
  UserId: new ObjectId('666804781bf84c619572a809'),
  items: [
    {
      ProductId: new ObjectId('66630ede488be8a2170ca8dd'),
      Quantity: 3,
      Price: 15000,
      _id: new ObjectId('666821887054d63424ad94c0')
    }
  ],
  totalPrice: 45000,
  status: 'Pending',
  __v: 0
}
2024-06-11T10:06:00.961Z info: Payment Intent
2024-06-11T10:06:01.337Z error: You did not provide an API key. You need to provide your API key in the Authorization header, using Bearer auth (e.g. 'Authorization: Bearer YOUR_SECRET_KEY'). See https://stripe.com/docs/api#authentication for details, or we can help at https://support.stripe.com/.
2024-06-11T10:07:48.946Z info: /api/payment/create
2024-06-11T10:07:48.948Z info: Fetching OrderId and Amount from req.body
2024-06-11T10:07:48.948Z info: 666821f42ae3fd9432741fe6
2024-06-11T10:07:48.949Z info: Logging User Id..
2024-06-11T10:07:48.949Z info: 666804781bf84c619572a809
2024-06-11T10:07:48.949Z info: Finding Order by ID
2024-06-11T10:07:48.949Z info: Authentication success...
2024-06-11T10:07:48.955Z info: {
  _id: new ObjectId('666821f42ae3fd9432741fe6'),
  UserId: new ObjectId('666804781bf84c619572a809'),
  items: [
    {
      ProductId: new ObjectId('66630ede488be8a2170ca8dd'),
      Quantity: 3,
      Price: 15000,
      _id: new ObjectId('666821f42ae3fd9432741fe7')
    }
  ],
  totalPrice: 45000,
  status: 'Pending',
  __v: 0
}
2024-06-11T10:07:48.955Z info: Payment Intent
2024-06-11T10:07:49.334Z error: You did not provide an API key. You need to provide your API key in the Authorization header, using Bearer auth (e.g. 'Authorization: Bearer YOUR_SECRET_KEY'). See https://stripe.com/docs/api#authentication for details, or we can help at https://support.stripe.com/.
2024-06-11T10:11:48.902Z info: /api/payment/create
2024-06-11T10:11:48.904Z info: Fetching OrderId and Amount from req.body
2024-06-11T10:11:48.905Z info: 666822e473995c07db781598
2024-06-11T10:11:48.905Z info: Logging User Id..
2024-06-11T10:11:48.906Z info: 666804781bf84c619572a809
2024-06-11T10:11:48.906Z info: Finding Order by ID
2024-06-11T10:11:48.906Z info: Authentication success...
2024-06-11T10:11:48.923Z info: {
  _id: new ObjectId('666822e473995c07db781598'),
  UserId: new ObjectId('666804781bf84c619572a809'),
  items: [
    {
      ProductId: new ObjectId('66630ede488be8a2170ca8dd'),
      Quantity: 3,
      Price: 15000,
      _id: new ObjectId('666822e473995c07db781599')
    }
  ],
  totalPrice: 45000,
  status: 'Pending',
  __v: 0
}
2024-06-11T10:11:48.924Z info: Payment Intent
2024-06-11T10:11:49.465Z error: You did not provide an API key. You need to provide your API key in the Authorization header, using Bearer auth (e.g. 'Authorization: Bearer YOUR_SECRET_KEY'). See https://stripe.com/docs/api#authentication for details, or we can help at https://support.stripe.com/.
2024-06-11T10:15:10.024Z info: /api/payment/create
2024-06-11T10:15:10.026Z info: Fetching OrderId and Amount from req.body
2024-06-11T10:15:10.026Z info: 666823ae73995c07db78159c
2024-06-11T10:15:10.026Z info: Logging User Id..
2024-06-11T10:15:10.026Z info: 666804781bf84c619572a809
2024-06-11T10:15:10.027Z info: Finding Order by ID
2024-06-11T10:15:10.027Z info: Authentication success...
2024-06-11T10:15:10.032Z info: {
  _id: new ObjectId('666823ae73995c07db78159c'),
  UserId: new ObjectId('666804781bf84c619572a809'),
  items: [
    {
      ProductId: new ObjectId('66630ede488be8a2170ca8dd'),
      Quantity: 3,
      Price: 15000,
      _id: new ObjectId('666823ae73995c07db78159d')
    }
  ],
  totalPrice: 45000,
  status: 'Pending',
  __v: 0
}
2024-06-11T10:15:10.033Z info: Payment Intent
2024-06-11T10:15:10.385Z error: You did not provide an API key. You need to provide your API key in the Authorization header, using Bearer auth (e.g. 'Authorization: Bearer YOUR_SECRET_KEY'). See https://stripe.com/docs/api#authentication for details, or we can help at https://support.stripe.com/.
2024-06-11T10:27:05.825Z info: /api/payment/create
2024-06-11T10:27:05.828Z info: Fetching OrderId and Amount from req.body
2024-06-11T10:27:05.828Z info: 6668267973995c07db7815a0
2024-06-11T10:27:05.828Z info: Logging User Id..
2024-06-11T10:27:05.828Z info: 666804781bf84c619572a809
2024-06-11T10:27:05.828Z info: Finding Order by ID
2024-06-11T10:27:05.828Z info: Authentication success...
2024-06-11T10:27:05.836Z info: {
  _id: new ObjectId('6668267973995c07db7815a0'),
  UserId: new ObjectId('666804781bf84c619572a809'),
  items: [
    {
      ProductId: new ObjectId('66630ede488be8a2170ca8dd'),
      Quantity: 3,
      Price: 15000,
      _id: new ObjectId('6668267973995c07db7815a1')
    }
  ],
  totalPrice: 45000,
  status: 'Pending',
  __v: 0
}
2024-06-11T10:27:05.838Z info: Payment Intent
2024-06-11T10:27:06.425Z error: You did not provide an API key. You need to provide your API key in the Authorization header, using Bearer auth (e.g. 'Authorization: Bearer YOUR_SECRET_KEY'). See https://stripe.com/docs/api#authentication for details, or we can help at https://support.stripe.com/.
2024-06-11T10:27:49.167Z info: /api/payment/create
2024-06-11T10:27:49.168Z info: Fetching OrderId and Amount from req.body
2024-06-11T10:27:49.168Z info: 666826a573995c07db7815a4
2024-06-11T10:27:49.168Z info: Logging User Id..
2024-06-11T10:27:49.169Z info: 666804781bf84c619572a809
2024-06-11T10:27:49.169Z info: Finding Order by ID
2024-06-11T10:27:49.169Z info: Authentication success...
2024-06-11T10:27:49.175Z info: {
  _id: new ObjectId('666826a573995c07db7815a4'),
  UserId: new ObjectId('666804781bf84c619572a809'),
  items: [
    {
      ProductId: new ObjectId('66630ede488be8a2170ca8dd'),
      Quantity: 3,
      Price: 15000,
      _id: new ObjectId('666826a573995c07db7815a5')
    }
  ],
  totalPrice: 45000,
  status: 'Pending',
  __v: 0
}
2024-06-11T10:27:49.176Z info: Payment Intent
2024-06-11T10:27:49.463Z error: You did not provide an API key. You need to provide your API key in the Authorization header, using Bearer auth (e.g. 'Authorization: Bearer YOUR_SECRET_KEY'). See https://stripe.com/docs/api#authentication for details, or we can help at https://support.stripe.com/.
2024-06-11T10:28:56.670Z info: /api/payment/create
2024-06-11T10:28:56.675Z info: Fetching OrderId and Amount from req.body
2024-06-11T10:28:56.675Z info: 666826e873995c07db7815a8
2024-06-11T10:28:56.675Z info: Logging User Id..
2024-06-11T10:28:56.675Z info: 666804781bf84c619572a809
2024-06-11T10:28:56.675Z info: Finding Order by ID
2024-06-11T10:28:56.676Z info: Authentication success...
2024-06-11T10:28:56.681Z info: {
  _id: new ObjectId('666826e873995c07db7815a8'),
  UserId: new ObjectId('666804781bf84c619572a809'),
  items: [
    {
      ProductId: new ObjectId('66630ede488be8a2170ca8dd'),
      Quantity: 3,
      Price: 15000,
      _id: new ObjectId('666826e873995c07db7815a9')
    }
  ],
  totalPrice: 45000,
  status: 'Pending',
  __v: 0
}
2024-06-11T10:28:56.685Z info: Payment Intent
2024-06-11T10:28:56.823Z error: You did not provide an API key. You need to provide your API key in the Authorization header, using Bearer auth (e.g. 'Authorization: Bearer YOUR_SECRET_KEY'). See https://stripe.com/docs/api#authentication for details, or we can help at https://support.stripe.com/.
2024-06-11T10:29:18.257Z info: /api/payment/create
2024-06-11T10:29:18.259Z info: Fetching OrderId and Amount from req.body
2024-06-11T10:29:18.260Z info: 666826fe73995c07db7815ac
2024-06-11T10:29:18.262Z info: Logging User Id..
2024-06-11T10:29:18.265Z info: 666804781bf84c619572a809
2024-06-11T10:29:18.265Z info: Finding Order by ID
2024-06-11T10:29:18.266Z info: Authentication success...
2024-06-11T10:29:18.272Z info: {
  _id: new ObjectId('666826fe73995c07db7815ac'),
  UserId: new ObjectId('666804781bf84c619572a809'),
  items: [
    {
      ProductId: new ObjectId('66630ede488be8a2170ca8dd'),
      Quantity: 3,
      Price: 15000,
      _id: new ObjectId('666826fe73995c07db7815ad')
    }
  ],
  totalPrice: 45000,
  status: 'Pending',
  __v: 0
}
2024-06-11T10:29:18.273Z info: Payment Intent
2024-06-11T10:29:18.454Z error: You did not provide an API key. You need to provide your API key in the Authorization header, using Bearer auth (e.g. 'Authorization: Bearer YOUR_SECRET_KEY'). See https://stripe.com/docs/api#authentication for details, or we can help at https://support.stripe.com/.
2024-06-11T10:34:33.747Z info: Connected to DB and listening to port: 5000
2024-06-11T10:34:39.987Z info: /api/payment/create
2024-06-11T10:34:39.997Z info: Fetching OrderId and Amount from req.body
2024-06-11T10:34:39.997Z info: 6668283f627070acda9510af
2024-06-11T10:34:39.998Z info: Logging User Id..
2024-06-11T10:34:39.998Z info: 666804781bf84c619572a809
2024-06-11T10:34:39.998Z info: Finding Order by ID
2024-06-11T10:34:40.002Z info: Authentication success...
2024-06-11T10:34:40.026Z info: {
  _id: new ObjectId('6668283f627070acda9510af'),
  UserId: new ObjectId('666804781bf84c619572a809'),
  items: [
    {
      ProductId: new ObjectId('66630ede488be8a2170ca8dd'),
      Quantity: 3,
      Price: 15000,
      _id: new ObjectId('6668283f627070acda9510b0')
    }
  ],
  totalPrice: 45000,
  status: 'Pending',
  __v: 0
}
2024-06-11T10:34:40.032Z info: Payment Intent
2024-06-11T10:34:40.613Z error: You did not provide an API key. You need to provide your API key in the Authorization header, using Bearer auth (e.g. 'Authorization: Bearer YOUR_SECRET_KEY'). See https://stripe.com/docs/api#authentication for details, or we can help at https://support.stripe.com/.
